TN:
SF:src\app.ts
FNF:0
FNH:0
DA:1,7
DA:2,7
DA:3,7
DA:4,7
DA:5,7
DA:6,7
DA:8,7
DA:10,7
DA:13,7
DA:14,7
DA:17,7
DA:18,7
DA:21,7
DA:23,7
LF:14
LH:14
BRF:0
BRH:0
end_of_record
TN:
SF:src\server.ts
FN:7,(anonymous_1)
FNF:1
FNH:0
FNDA:0,(anonymous_1)
DA:1,0
DA:2,0
DA:5,0
DA:7,0
DA:8,0
LF:5
LH:0
BRDA:5,0,0,0
BRDA:5,0,1,0
BRF:2
BRH:0
end_of_record
TN:
SF:src\controllers\authController.ts
FN:12,(anonymous_1)
FN:20,(anonymous_2)
FN:55,(anonymous_3)
FN:153,(anonymous_4)
FN:221,(anonymous_5)
FN:263,(anonymous_6)
FN:294,(anonymous_7)
FNF:7
FNH:2
FNDA:13,(anonymous_1)
FNDA:0,(anonymous_2)
FNDA:0,(anonymous_3)
FNDA:13,(anonymous_4)
FNDA:0,(anonymous_5)
FNDA:0,(anonymous_6)
FNDA:0,(anonymous_7)
DA:3,7
DA:4,7
DA:5,7
DA:6,7
DA:12,7
DA:13,13
DA:14,13
DA:20,7
DA:23,0
DA:24,0
DA:29,0
DA:30,0
DA:35,0
DA:36,0
DA:41,0
DA:42,0
DA:47,0
DA:55,7
DA:56,0
DA:57,0
DA:60,0
DA:61,0
DA:67,0
DA:68,0
DA:74,0
DA:75,0
DA:76,0
DA:82,0
DA:83,0
DA:84,0
DA:89,0
DA:92,0
DA:96,0
DA:97,0
DA:104,0
DA:105,0
DA:107,0
DA:108,0
DA:112,0
DA:116,0
DA:119,0
DA:128,0
DA:130,0
DA:140,0
DA:144,0
DA:153,7
DA:154,13
DA:155,13
DA:158,13
DA:159,0
DA:165,13
DA:166,0
DA:171,13
DA:174,13
DA:178,13
DA:179,0
DA:185,13
DA:186,13
DA:187,1
DA:193,12
DA:196,12
DA:198,12
DA:208,0
DA:212,0
DA:221,7
DA:222,0
DA:223,0
DA:224,0
DA:230,0
DA:241,0
DA:242,0
DA:247,0
DA:249,0
DA:254,0
DA:263,7
DA:264,0
DA:276,0
DA:280,0
DA:285,0
DA:294,7
DA:295,0
DA:296,0
DA:297,0
DA:302,0
DA:305,0
DA:306,0
DA:312,0
DA:313,0
DA:314,0
DA:320,0
DA:324,0
DA:325,0
DA:331,0
DA:332,0
DA:333,0
DA:339,0
DA:342,0
DA:347,0
DA:351,0
DA:356,0
LF:100
LH:26
BRDA:23,0,0,0
BRDA:23,0,1,0
BRDA:29,1,0,0
BRDA:29,1,1,0
BRDA:35,2,0,0
BRDA:35,2,1,0
BRDA:41,3,0,0
BRDA:41,3,1,0
BRDA:60,4,0,0
BRDA:60,4,1,0
BRDA:60,5,0,0
BRDA:60,5,1,0
BRDA:67,6,0,0
BRDA:67,6,1,0
BRDA:75,7,0,0
BRDA:75,7,1,0
BRDA:83,8,0,0
BRDA:83,8,1,0
BRDA:83,9,0,0
BRDA:83,9,1,0
BRDA:83,9,2,0
BRDA:96,10,0,0
BRDA:96,10,1,0
BRDA:105,11,0,0
BRDA:105,11,1,0
BRDA:105,12,0,0
BRDA:105,12,1,0
BRDA:107,13,0,0
BRDA:107,13,1,0
BRDA:141,14,0,0
BRDA:141,14,1,0
BRDA:158,15,0,0
BRDA:158,15,1,13
BRDA:158,16,0,13
BRDA:158,16,1,13
BRDA:165,17,0,0
BRDA:165,17,1,13
BRDA:178,18,0,0
BRDA:178,18,1,13
BRDA:186,19,0,1
BRDA:186,19,1,12
BRDA:209,20,0,0
BRDA:209,20,1,0
BRDA:223,21,0,0
BRDA:223,21,1,0
BRDA:241,22,0,0
BRDA:241,22,1,0
BRDA:250,23,0,0
BRDA:250,23,1,0
BRDA:281,24,0,0
BRDA:281,24,1,0
BRDA:296,25,0,0
BRDA:296,25,1,0
BRDA:305,26,0,0
BRDA:305,26,1,0
BRDA:305,27,0,0
BRDA:305,27,1,0
BRDA:313,28,0,0
BRDA:313,28,1,0
BRDA:324,29,0,0
BRDA:324,29,1,0
BRDA:332,30,0,0
BRDA:332,30,1,0
BRDA:352,31,0,0
BRDA:352,31,1,0
BRF:65
BRH:7
end_of_record
TN:
SF:src\controllers\candidateController.ts
FN:8,(anonymous_1)
FN:27,(anonymous_2)
FN:56,(anonymous_3)
FNF:3
FNH:3
FNDA:1,(anonymous_1)
FNDA:1,(anonymous_2)
FNDA:4,(anonymous_3)
DA:2,7
DA:3,7
DA:8,7
DA:13,1
DA:14,1
DA:18,1
DA:20,0
DA:27,7
DA:32,1
DA:33,1
DA:35,1
DA:36,0
DA:39,1
DA:47,1
DA:49,0
DA:56,7
DA:61,4
DA:62,4
DA:64,4
DA:65,0
DA:70,4
DA:71,0
DA:74,4
DA:77,4
DA:78,0
DA:80,4
DA:81,0
DA:86,4
DA:87,2
DA:90,2
DA:91,0
DA:94,4
DA:104,4
DA:106,0
DA:107,0
DA:109,0
LF:36
LH:25
BRDA:35,0,0,0
BRDA:35,0,1,1
BRDA:64,1,0,0
BRDA:64,1,1,4
BRDA:64,2,0,4
BRDA:64,2,1,4
BRDA:64,2,2,4
BRDA:70,3,0,0
BRDA:70,3,1,4
BRDA:77,4,0,0
BRDA:77,4,1,4
BRDA:80,5,0,0
BRDA:80,5,1,4
BRDA:80,6,0,4
BRDA:80,6,1,2
BRDA:86,7,0,2
BRDA:86,7,1,2
BRDA:90,8,0,0
BRDA:90,8,1,2
BRDA:99,9,0,2
BRDA:99,9,1,2
BRDA:106,10,0,0
BRDA:106,10,1,0
BRF:23
BRH:15
end_of_record
TN:
SF:src\controllers\constituencyController.ts
FN:5,(anonymous_1)
FN:21,(anonymous_2)
FN:44,(anonymous_3)
FN:65,(anonymous_4)
FNF:4
FNH:2
FNDA:1,(anonymous_1)
FNDA:1,(anonymous_2)
FNDA:0,(anonymous_3)
FNDA:0,(anonymous_4)
DA:2,7
DA:5,7
DA:10,1
DA:11,1
DA:14,1
DA:16,0
DA:21,7
DA:26,1
DA:27,1
DA:29,1
DA:30,0
DA:33,1
DA:37,1
DA:39,0
DA:44,7
DA:49,0
DA:50,0
DA:51,0
DA:53,0
DA:58,0
DA:60,0
DA:65,7
DA:70,0
DA:71,0
DA:73,0
DA:74,0
DA:76,0
LF:27
LH:13
BRDA:29,0,0,0
BRDA:29,0,1,1
BRDA:29,1,0,1
BRDA:29,1,1,1
BRF:4
BRH:3
end_of_record
TN:
SF:src\controllers\partyController.ts
FN:5,(anonymous_1)
FN:19,(anonymous_2)
FNF:2
FNH:2
FNDA:1,(anonymous_1)
FNDA:1,(anonymous_2)
DA:2,7
DA:5,7
DA:10,1
DA:11,1
DA:12,1
DA:14,0
DA:19,7
DA:24,1
DA:25,1
DA:27,1
DA:28,0
DA:33,1
DA:37,1
DA:39,0
LF:14
LH:11
BRDA:27,0,0,0
BRDA:27,0,1,1
BRDA:27,1,0,1
BRDA:27,1,1,1
BRDA:27,1,2,1
BRF:5
BRH:4
end_of_record
TN:
SF:src\controllers\pollingStationController.ts
FN:5,(anonymous_1)
FN:42,(anonymous_2)
FN:108,(anonymous_3)
FN:135,(anonymous_4)
FNF:4
FNH:2
FNDA:1,(anonymous_1)
FNDA:1,(anonymous_2)
FNDA:0,(anonymous_3)
FNDA:0,(anonymous_4)
DA:2,7
DA:5,7
DA:10,1
DA:11,1
DA:14,1
DA:15,0
DA:22,0
DA:26,1
DA:35,1
DA:37,0
DA:42,7
DA:47,1
DA:48,1
DA:50,1
DA:53,1
DA:54,0
DA:60,1
DA:64,1
DA:65,0
DA:71,1
DA:75,1
DA:76,0
DA:81,1
DA:93,1
DA:95,0
DA:97,0
DA:98,0
DA:103,0
DA:108,7
DA:113,0
DA:114,0
DA:115,0
DA:117,0
DA:118,0
DA:123,0
DA:128,0
DA:130,0
DA:135,7
DA:140,0
DA:141,0
DA:142,0
DA:143,0
DA:145,0
LF:43
LH:20
BRDA:14,0,0,0
BRDA:14,0,1,1
BRDA:53,1,0,0
BRDA:53,1,1,1
BRDA:53,2,0,1
BRDA:53,2,1,1
BRDA:53,2,2,1
BRDA:64,3,0,0
BRDA:64,3,1,1
BRDA:75,4,0,0
BRDA:75,4,1,1
BRDA:97,5,0,0
BRDA:97,5,1,0
BRDA:117,6,0,0
BRDA:117,6,1,0
BRDA:117,7,0,0
BRDA:117,7,1,0
BRDA:117,7,2,0
BRF:18
BRH:7
end_of_record
TN:
SF:src\controllers\resultController.ts
FN:10,(anonymous_1)
FN:38,(anonymous_2)
FN:67,(anonymous_3)
FN:91,(anonymous_4)
FN:121,(anonymous_5)
FN:142,(anonymous_6)
FN:166,(anonymous_7)
FN:174,(anonymous_8)
FN:189,(anonymous_9)
FNF:9
FNH:5
FNDA:5,(anonymous_1)
FNDA:4,(anonymous_2)
FNDA:0,(anonymous_3)
FNDA:0,(anonymous_4)
FNDA:0,(anonymous_5)
FNDA:0,(anonymous_6)
FNDA:1,(anonymous_7)
FNDA:1,(anonymous_8)
FNDA:1,(anonymous_9)
DA:2,7
DA:3,7
DA:5,7
DA:10,7
DA:15,5
DA:16,5
DA:17,5
DA:19,5
DA:20,1
DA:24,4
DA:25,0
DA:29,4
DA:33,4
DA:34,0
DA:35,4
DA:36,0
DA:38,4
DA:39,4
DA:44,4
DA:55,4
DA:58,4
DA:60,0
DA:67,7
DA:72,0
DA:73,0
DA:74,0
DA:75,0
DA:77,0
DA:78,0
DA:79,0
DA:81,0
DA:82,0
DA:85,0
DA:86,0
DA:91,0
DA:92,0
DA:98,0
DA:109,0
DA:112,0
DA:114,0
DA:121,7
DA:126,0
DA:127,0
DA:128,0
DA:130,0
DA:132,0
DA:133,0
DA:136,0
DA:137,0
DA:142,0
DA:143,0
DA:145,0
DA:157,0
DA:159,0
DA:166,7
DA:167,1
DA:168,1
DA:174,7
DA:175,1
DA:176,1
DA:177,0
DA:179,1
DA:183,1
DA:189,7
DA:190,1
DA:192,1
DA:193,0
DA:196,1
DA:200,1
LF:69
LH:33
BRDA:19,0,0,1
BRDA:19,0,1,4
BRDA:19,1,0,5
BRDA:19,1,1,4
BRDA:19,1,2,4
BRDA:24,2,0,0
BRDA:24,2,1,4
BRDA:33,3,0,0
BRDA:33,3,1,4
BRDA:35,4,0,0
BRDA:35,4,1,4
BRDA:77,5,0,0
BRDA:77,5,1,0
BRDA:79,6,0,0
BRDA:79,6,1,0
BRDA:82,7,0,0
BRDA:82,7,1,0
BRDA:85,8,0,0
BRDA:85,8,1,0
BRDA:85,9,0,0
BRDA:85,9,1,0
BRDA:130,10,0,0
BRDA:130,10,1,0
BRDA:133,11,0,0
BRDA:133,11,1,0
BRDA:136,12,0,0
BRDA:136,12,1,0
BRDA:136,13,0,0
BRDA:136,13,1,0
BRDA:176,14,0,0
BRDA:176,14,1,1
BRDA:192,15,0,0
BRDA:192,15,1,1
BRDA:192,16,0,1
BRDA:192,16,1,1
BRF:35
BRH:12
end_of_record
TN:
SF:src\controllers\userController.ts
FN:11,(anonymous_1)
FN:45,(anonymous_2)
FN:60,(anonymous_3)
FN:87,(anonymous_4)
FNF:4
FNH:2
FNDA:1,(anonymous_1)
FNDA:1,(anonymous_2)
FNDA:0,(anonymous_3)
FNDA:0,(anonymous_4)
DA:3,7
DA:4,7
DA:6,7
DA:11,7
DA:12,1
DA:13,1
DA:15,1
DA:16,0
DA:21,1
DA:22,1
DA:23,0
DA:26,1
DA:28,1
DA:36,1
DA:38,0
DA:45,7
DA:46,1
DA:47,1
DA:51,1
DA:53,0
DA:60,7
DA:61,0
DA:62,0
DA:63,0
DA:65,0
DA:66,0
DA:68,0
DA:78,0
DA:80,0
DA:87,7
DA:88,0
DA:89,0
DA:91,0
DA:92,0
DA:94,0
DA:96,0
DA:98,0
LF:37
LH:18
BRDA:15,0,0,0
BRDA:15,0,1,1
BRDA:15,1,0,1
BRDA:15,1,1,1
BRDA:22,2,0,0
BRDA:22,2,1,1
BRDA:32,3,0,1
BRDA:32,3,1,0
BRDA:66,4,0,0
BRDA:66,4,1,0
BRDA:71,5,0,0
BRDA:71,5,1,0
BRDA:72,6,0,0
BRDA:72,6,1,0
BRDA:73,7,0,0
BRDA:73,7,1,0
BRDA:92,8,0,0
BRDA:92,8,1,0
BRF:18
BRH:5
end_of_record
TN:
SF:src\middlewares\authMiddleware.ts
FN:20,(anonymous_1)
FN:47,(anonymous_2)
FN:47,(anonymous_3)
FNF:3
FNH:3
FNDA:22,(anonymous_1)
FNDA:91,(anonymous_2)
FNDA:20,(anonymous_3)
DA:3,7
DA:6,7
DA:20,7
DA:25,22
DA:27,22
DA:28,1
DA:31,21
DA:33,21
DA:34,21
DA:35,21
DA:36,21
DA:38,0
DA:46,7
DA:47,91
DA:48,20
DA:49,0
DA:52,20
DA:53,6
DA:58,14
LF:19
LH:17
BRDA:6,0,0,7
BRDA:6,0,1,0
BRDA:27,1,0,1
BRDA:27,1,1,21
BRDA:48,2,0,0
BRDA:48,2,1,20
BRDA:52,3,0,6
BRDA:52,3,1,14
BRF:8
BRH:6
end_of_record
TN:
SF:src\middlewares\errorHandler.ts
FN:4,errorHandler
FNF:1
FNH:0
FNDA:0,errorHandler
DA:4,7
DA:10,0
DA:12,0
LF:3
LH:1
BRDA:12,0,0,0
BRDA:12,0,1,0
BRDA:14,1,0,0
BRDA:14,1,1,0
BRF:4
BRH:0
end_of_record
TN:
SF:src\routes\authRoutes.ts
FNF:0
FNH:0
DA:2,7
DA:3,7
DA:4,7
DA:5,7
DA:7,7
DA:10,7
DA:13,7
DA:21,7
DA:23,7
LF:9
LH:9
BRF:0
BRH:0
end_of_record
TN:
SF:src\routes\candidateRoutes.ts
FNF:0
FNH:0
DA:1,7
DA:2,7
DA:7,7
DA:8,7
DA:10,7
DA:13,7
DA:16,7
DA:19,7
DA:21,7
LF:9
LH:9
BRF:0
BRH:0
end_of_record
TN:
SF:src\routes\constituencyRoutes.ts
FNF:0
FNH:0
DA:1,7
DA:2,7
DA:6,7
DA:7,7
DA:9,7
DA:11,7
DA:17,7
DA:19,7
LF:8
LH:8
BRF:0
BRH:0
end_of_record
TN:
SF:src\routes\index.ts
FN:19,(anonymous_1)
FNF:1
FNH:0
FNDA:0,(anonymous_1)
DA:1,7
DA:2,7
DA:3,7
DA:4,7
DA:5,7
DA:6,7
DA:7,7
DA:13,7
DA:14,7
DA:16,7
DA:19,7
DA:20,0
DA:24,7
DA:25,7
DA:26,7
DA:32,7
DA:40,7
DA:41,7
DA:42,7
DA:43,7
DA:44,7
DA:46,7
LF:22
LH:21
BRF:0
BRH:0
end_of_record
TN:
SF:src\routes\partyRoutes.ts
FNF:0
FNH:0
DA:1,7
DA:2,7
DA:3,7
DA:4,7
DA:6,7
DA:8,7
DA:9,7
DA:11,7
LF:8
LH:8
BRF:0
BRH:0
end_of_record
TN:
SF:src\routes\pollingStationRoutes.ts
FNF:0
FNH:0
DA:1,7
DA:2,7
DA:8,7
DA:9,7
DA:11,7
DA:14,7
DA:17,7
DA:20,7
DA:28,7
DA:36,7
DA:43,7
LF:11
LH:11
BRF:0
BRH:0
end_of_record
TN:
SF:src\routes\resultRoutes.ts
FNF:0
FNH:0
DA:1,7
DA:2,7
DA:9,7
DA:10,7
DA:12,7
DA:15,7
DA:21,7
DA:29,7
DA:30,7
DA:31,7
DA:33,7
LF:11
LH:11
BRF:0
BRH:0
end_of_record
TN:
SF:src\routes\userRoutes.ts
FNF:0
FNH:0
DA:1,0
DA:2,0
DA:7,0
DA:8,0
DA:9,0
DA:11,0
DA:14,0
DA:15,0
DA:16,0
DA:17,0
DA:19,0
LF:11
LH:0
BRF:0
BRH:0
end_of_record
TN:
SF:src\utils\aggregateResults.ts
FN:14,(anonymous_1)
FN:38,(anonymous_2)
FN:51,(anonymous_3)
FN:55,(anonymous_4)
FN:64,(anonymous_5)
FNF:5
FNH:5
FNDA:3,(anonymous_1)
FNDA:2,(anonymous_2)
FNDA:2,(anonymous_3)
FNDA:2,(anonymous_4)
FNDA:2,(anonymous_5)
DA:2,7
DA:3,7
DA:14,7
DA:19,3
DA:21,3
DA:22,1
DA:23,2
DA:24,1
DA:27,1
DA:28,1
DA:31,3
DA:37,3
DA:39,2
DA:43,2
DA:50,3
DA:51,2
DA:55,3
DA:63,3
DA:64,2
DA:68,3
LF:20
LH:20
BRDA:21,0,0,1
BRDA:21,0,1,2
BRDA:23,1,0,1
BRDA:23,1,1,1
BRDA:23,2,0,2
BRDA:23,2,1,1
BRDA:27,3,0,1
BRDA:27,3,1,0
BRDA:27,4,0,1
BRDA:27,4,1,1
BRDA:45,5,0,2
BRDA:45,5,1,0
BRDA:51,6,0,2
BRDA:51,6,1,0
BRDA:60,7,0,2
BRDA:60,7,1,0
BRDA:64,8,0,0
BRDA:64,8,1,2
BRF:18
BRH:13
end_of_record
TN:
SF:src\utils\jwt.ts
FN:7,(anonymous_1)
FNF:1
FNH:1
FNDA:12,(anonymous_1)
DA:1,7
DA:4,7
DA:5,7
DA:7,7
DA:8,12
LF:5
LH:5
BRDA:4,0,0,7
BRDA:4,0,1,0
BRF:2
BRH:1
end_of_record
TN:
SF:src\utils\prismaMiddleware.ts
FN:5,(anonymous_1)
FNF:1
FNH:0
FNDA:0,(anonymous_1)
DA:2,0
DA:5,0
DA:6,0
DA:8,0
DA:10,0
DA:11,0
DA:12,0
DA:13,0
DA:20,0
DA:24,0
DA:26,0
DA:27,0
DA:28,0
DA:29,0
DA:31,0
DA:42,0
DA:46,0
LF:17
LH:0
BRDA:6,0,0,0
BRDA:6,0,1,0
BRDA:10,1,0,0
BRDA:10,1,1,0
BRDA:10,2,0,0
BRDA:10,2,1,0
BRDA:12,3,0,0
BRDA:12,3,1,0
BRDA:27,4,0,0
BRDA:27,4,1,0
BRDA:27,5,0,0
BRDA:27,5,1,0
BRDA:29,6,0,0
BRDA:29,6,1,0
BRDA:36,7,0,0
BRDA:36,7,1,0
BRDA:37,8,0,0
BRDA:37,8,1,0
BRF:18
BRH:0
end_of_record
